0 info it worked if it ends with ok
1 verbose cli [ '/home/ubuntu/.nvm/v0.10.35/bin/node',
1 verbose cli   '/home/ubuntu/.nvm/v0.10.35/bin/npm',
1 verbose cli   'install',
1 verbose cli   'typescro[t' ]
2 info using npm@1.4.28
3 info using node@v0.10.35
4 verbose cache add [ 'typescro[t', null ]
5 verbose cache add name=undefined spec="typescro[t" args=["typescro[t",null]
6 verbose parsed url { protocol: null,
6 verbose parsed url   slashes: null,
6 verbose parsed url   auth: null,
6 verbose parsed url   host: null,
6 verbose parsed url   port: null,
6 verbose parsed url   hostname: null,
6 verbose parsed url   hash: null,
6 verbose parsed url   search: null,
6 verbose parsed url   query: null,
6 verbose parsed url   pathname: 'typescro[t',
6 verbose parsed url   path: 'typescro[t',
6 verbose parsed url   href: 'typescro[t' }
7 silly lockFile e9e25743-typescro-t typescro[t
8 verbose lock typescro[t /home/ubuntu/.npm/e9e25743-typescro-t.lock
9 silly lockFile e9e25743-typescro-t typescro[t
10 silly lockFile e9e25743-typescro-t typescro[t
11 verbose addNamed [ 'typescro[t', '' ]
12 verbose addNamed [ null, '*' ]
13 silly lockFile 50378baa-typescro-t typescro[t@
14 verbose lock typescro[t@ /home/ubuntu/.npm/50378baa-typescro-t.lock
15 silly addNameRange { name: 'typescro[t', range: '*', hasData: false }
16 verbose request where is /typescro[t
17 verbose request registry https://registry.npmjs.org/
18 verbose request id d528ec8b7e6568b1
19 verbose url raw /typescro[t
20 verbose url resolving [ 'https://registry.npmjs.org/', './typescro%5Bt' ]
21 verbose url resolved https://registry.npmjs.org/typescro%5Bt
22 verbose request where is https://registry.npmjs.org/typescro%5Bt
23 info trying registry request attempt 1 at 13:07:11
24 http GET https://registry.npmjs.org/typescro%5Bt
25 http 404 https://registry.npmjs.org/typescro%5Bt
26 verbose headers { server: 'CouchDB/1.5.0 (Erlang OTP/R16B03)',
26 verbose headers   'content-type': 'application/json',
26 verbose headers   'cache-control': 'max-age=0',
26 verbose headers   'content-length': '51',
26 verbose headers   'accept-ranges': 'bytes',
26 verbose headers   date: 'Tue, 07 Jul 2015 13:07:11 GMT',
26 verbose headers   via: '1.1 varnish',
26 verbose headers   age: '0',
26 verbose headers   connection: 'keep-alive',
26 verbose headers   'x-served-by': 'cache-jfk1023-JFK',
26 verbose headers   'x-cache': 'MISS',
26 verbose headers   'x-cache-hits': '0',
26 verbose headers   'x-timer': 'S1436274431.764902,VS0,VE88' }
27 silly registry.get cb [ 404,
27 silly registry.get   { server: 'CouchDB/1.5.0 (Erlang OTP/R16B03)',
27 silly registry.get     'content-type': 'application/json',
27 silly registry.get     'cache-control': 'max-age=0',
27 silly registry.get     'content-length': '51',
27 silly registry.get     'accept-ranges': 'bytes',
27 silly registry.get     date: 'Tue, 07 Jul 2015 13:07:11 GMT',
27 silly registry.get     via: '1.1 varnish',
27 silly registry.get     age: '0',
27 silly registry.get     connection: 'keep-alive',
27 silly registry.get     'x-served-by': 'cache-jfk1023-JFK',
27 silly registry.get     'x-cache': 'MISS',
27 silly registry.get     'x-cache-hits': '0',
27 silly registry.get     'x-timer': 'S1436274431.764902,VS0,VE88' } ]
28 silly lockFile 50378baa-typescro-t typescro[t@
29 silly lockFile 50378baa-typescro-t typescro[t@
30 error 404 404 Not Found: typescro%5Bt
30 error 404
30 error 404 'typescro%5Bt' is not in the npm registry.
30 error 404 You should bug the author to publish it
30 error 404
30 error 404 Note that you can also install from a
30 error 404 tarball, folder, or http url, or git url.
31 error System Linux 3.14.13-c9
32 error command "/home/ubuntu/.nvm/v0.10.35/bin/node" "/home/ubuntu/.nvm/v0.10.35/bin/npm" "install" "typescro[t"
33 error cwd /home/ubuntu/workspace/BaffleBox-Typescript
34 error node -v v0.10.35
35 error npm -v 1.4.28
36 error code E404
37 verbose exit [ 1, true ]
